<?xml version="1.0" encoding="UTF-8"?>
<!-- Generated by org.testng.reporters.JUnitXMLReporter -->
<testsuite ignored="4" hostname="SHARIQUE" failures="0" tests="3" name="Test" time="0.201" errors="0" timestamp="2023-10-02T10:28:51 IST">
  <testcase classname="GenericUtility.BaseClass2" name="@BeforeClass launchThebrowser" time="-1.696222731003E9">
    <failure type="org.testng.TestNGException" message="
Parameter &amp;apos;Browser&amp;apos; is required by BeforeClass on method launchThebrowser but has not been marked @Optional or defined
in C:\oopsconcept\ShoppersStackM1\testng.xml">
      <![CDATA[org.testng.TestNGException: 
Parameter 'Browser' is required by BeforeClass on method launchThebrowser but has not been marked @Optional or defined
in C:\oopsconcept\ShoppersStackM1\testng.xml
at java.base/java.util.ArrayList.forEach(ArrayList.java:1511)
... Removed 22 stack frames]]>
    </failure>
  </testcase> <!-- @BeforeClass launchThebrowser -->
  <testcase classname="GenericUtility.BaseClass2" name="@BeforeMethod LoginToApplication" time="0.0">
    <skipped/>
  </testcase> <!-- @BeforeMethod LoginToApplication -->
  <testcase classname="GenericUtility.BaseClass2" name="@AfterMethod logoutToApplication" time="0.0">
    <skipped/>
  </testcase> <!-- @AfterMethod logoutToApplication -->
  <testcase classname="GenericUtility.BaseClass2" name="@BeforeMethod LoginToApplication" time="0.0">
    <skipped/>
  </testcase> <!-- @BeforeMethod LoginToApplication -->
  <testcase classname="GenericUtility.BaseClass2" name="@AfterMethod logoutToApplication" time="0.0">
    <skipped/>
  </testcase> <!-- @AfterMethod logoutToApplication -->
  <testcase classname="GenericUtility.BaseClass2" name="@AfterClass aftermethod" time="0.0">
    <skipped/>
  </testcase> <!-- @AfterClass aftermethod -->
  <testcase classname="GenericUtility.BaseClass2" name="@BeforeClass launchThebrowser" time="-1.696222731123E9">
    <failure type="org.testng.TestNGException" message="
Parameter &amp;apos;Browser&amp;apos; is required by BeforeClass on method launchThebrowser but has not been marked @Optional or defined
in C:\oopsconcept\ShoppersStackM1\testng.xml">
      <![CDATA[org.testng.TestNGException: 
Parameter 'Browser' is required by BeforeClass on method launchThebrowser but has not been marked @Optional or defined
in C:\oopsconcept\ShoppersStackM1\testng.xml
at java.base/java.util.ArrayList.forEach(ArrayList.java:1511)
... Removed 22 stack frames]]>
    </failure>
  </testcase> <!-- @BeforeClass launchThebrowser -->
  <testcase classname="GenericUtility.BaseClass2" name="@BeforeMethod LoginToApplication" time="0.0">
    <skipped/>
  </testcase> <!-- @BeforeMethod LoginToApplication -->
  <testcase classname="GenericUtility.BaseClass2" name="@AfterMethod logoutToApplication" time="0.0">
    <skipped/>
  </testcase> <!-- @AfterMethod logoutToApplication -->
  <testcase classname="GenericUtility.BaseClass2" name="@AfterClass aftermethod" time="0.0">
    <skipped/>
  </testcase> <!-- @AfterClass aftermethod -->
  <testcase classname="ShopperLogin.Login8Test" name="TC_Login_003" time="0.0">
    <skipped/>
  </testcase> <!-- TC_Login_003 -->
  <testcase classname="ShopperLogin.Login8Test" name="TC_Login_005" time="0.0">
    <skipped/>
  </testcase> <!-- TC_Login_005 -->
  <testcase classname="ShopperLogin.Login7Test" name="TC_Login_001" time="0.0">
    <skipped/>
  </testcase> <!-- TC_Login_001 -->
  <testcase classname="ShopperLogin.Login8Test" name="TC_Login_004" time="0.0">
    <ignored/>
  </testcase> <!-- TC_Login_004 -->
  <testcase classname="ShopperLogin.Login9Test" name="TC_Login_007" time="0.0">
    <ignored/>
  </testcase> <!-- TC_Login_007 -->
  <testcase classname="ShopperLogin.Login9Test" name="TC_Login_006" time="0.0">
    <ignored/>
  </testcase> <!-- TC_Login_006 -->
  <testcase classname="ShopperLogin.Login9Test" name="TC_Login_008" time="0.0">
    <ignored/>
  </testcase> <!-- TC_Login_008 -->
</testsuite> <!-- Test -->
